f:\year 3\games engine programming\gep_1\gep_1\debug\vc140.pdb
f:\year 3\games engine programming\gep_1\gep_1\debug\vc140.idb
f:\year 3\games engine programming\gep_1\gep_1\debug\camera.obj
f:\year 3\games engine programming\gep_1\gep_1\debug\component.obj
f:\year 3\games engine programming\gep_1\gep_1\debug\input.obj
f:\year 3\games engine programming\gep_1\gep_1\debug\objloader.obj
f:\year 3\games engine programming\gep_1\gep_1\debug\ref.obj
f:\year 3\games engine programming\gep_1\gep_1\debug\shader.obj
f:\year 3\games engine programming\gep_1\gep_1\debug\application.obj
f:\year 3\games engine programming\gep_1\gep_1\debug\gameobject.obj
f:\year 3\games engine programming\gep_1\gep_1\debug\main.obj
f:\year 3\games engine programming\gep_1\gep_1\debug\mesh.obj
f:\year 3\games engine programming\gep_1\gep_1\debug\object.obj
f:\year 3\games engine programming\gep_1\gep_1\debug\transform.obj
f:\year 3\games engine programming\gep_1\gep_1\debug\rigidbody.obj
f:\year 3\games engine programming\gep_1\debug\gep_1.ilk
f:\year 3\games engine programming\gep_1\debug\gep_1.exe
f:\year 3\games engine programming\gep_1\debug\gep_1.pdb
f:\year 3\games engine programming\gep_1\gep_1\debug\gep_1.tlog\cl.command.1.tlog
f:\year 3\games engine programming\gep_1\gep_1\debug\gep_1.tlog\cl.read.1.tlog
f:\year 3\games engine programming\gep_1\gep_1\debug\gep_1.tlog\cl.write.1.tlog
f:\year 3\games engine programming\gep_1\gep_1\debug\gep_1.tlog\link.command.1.tlog
f:\year 3\games engine programming\gep_1\gep_1\debug\gep_1.tlog\link.read.1.tlog
f:\year 3\games engine programming\gep_1\gep_1\debug\gep_1.tlog\link.write.1.tlog
