w:\year 3\games engine programming\gep_2\gep_1\gep_1\release\vc140.pdb
w:\year 3\games engine programming\gep_2\gep_1\gep_1\release\ref.obj
w:\year 3\games engine programming\gep_2\gep_1\gep_1\release\patrolpoints.obj
w:\year 3\games engine programming\gep_2\gep_1\gep_1\release\objloader.obj
w:\year 3\games engine programming\gep_2\gep_1\gep_1\release\object.obj
w:\year 3\games engine programming\gep_2\gep_1\gep_1\release\meshrenderer.obj
w:\year 3\games engine programming\gep_2\gep_1\gep_1\release\mesh.obj
w:\year 3\games engine programming\gep_2\gep_1\gep_1\release\main.obj
w:\year 3\games engine programming\gep_2\gep_1\gep_1\release\leprechaun.obj
w:\year 3\games engine programming\gep_2\gep_1\gep_1\release\input.obj
w:\year 3\games engine programming\gep_2\gep_1\gep_1\release\house.obj
w:\year 3\games engine programming\gep_2\gep_1\gep_1\release\gold.obj
w:\year 3\games engine programming\gep_2\gep_1\gep_1\release\gamestate.obj
w:\year 3\games engine programming\gep_2\gep_1\gep_1\release\gameobject.obj
w:\year 3\games engine programming\gep_2\gep_1\gep_1\release\finitestatemachine.obj
w:\year 3\games engine programming\gep_2\gep_1\gep_1\release\cubecollider.obj
w:\year 3\games engine programming\gep_2\gep_1\gep_1\release\component.obj
w:\year 3\games engine programming\gep_2\gep_1\gep_1\release\collider.obj
w:\year 3\games engine programming\gep_2\gep_1\gep_1\release\camera.obj
w:\year 3\games engine programming\gep_2\gep_1\gep_1\release\bush.obj
w:\year 3\games engine programming\gep_2\gep_1\gep_1\release\application.obj
w:\year 3\games engine programming\gep_2\gep_1\gep_1\release\wolf.obj
w:\year 3\games engine programming\gep_2\gep_1\gep_1\release\transform.obj
w:\year 3\games engine programming\gep_2\gep_1\gep_1\release\texture.obj
w:\year 3\games engine programming\gep_2\gep_1\gep_1\release\spherecollider.obj
w:\year 3\games engine programming\gep_2\gep_1\gep_1\release\shader.obj
w:\year 3\games engine programming\gep_2\gep_1\gep_1\release\rigidbody.obj
f:\year 3\games engine programming\gep_2\gep_1\game-engine-programming\gep_1\release\vc140.pdb
f:\year 3\games engine programming\gep_2\gep_1\game-engine-programming\gep_1\release\finitestatemachine.obj
f:\year 3\games engine programming\gep_2\gep_1\game-engine-programming\gep_1\release\texture.obj
f:\year 3\games engine programming\gep_2\gep_1\game-engine-programming\gep_1\release\patrolpoints.obj
f:\year 3\games engine programming\gep_2\gep_1\game-engine-programming\gep_1\release\objloader.obj
f:\year 3\games engine programming\gep_2\gep_1\game-engine-programming\gep_1\release\object.obj
f:\year 3\games engine programming\gep_2\gep_1\game-engine-programming\gep_1\release\meshrenderer.obj
f:\year 3\games engine programming\gep_2\gep_1\game-engine-programming\gep_1\release\mesh.obj
f:\year 3\games engine programming\gep_2\gep_1\game-engine-programming\gep_1\release\main.obj
f:\year 3\games engine programming\gep_2\gep_1\game-engine-programming\gep_1\release\leprechaun.obj
f:\year 3\games engine programming\gep_2\gep_1\game-engine-programming\gep_1\release\input.obj
f:\year 3\games engine programming\gep_2\gep_1\game-engine-programming\gep_1\release\house.obj
f:\year 3\games engine programming\gep_2\gep_1\game-engine-programming\gep_1\release\gold.obj
f:\year 3\games engine programming\gep_2\gep_1\game-engine-programming\gep_1\release\gamestate.obj
f:\year 3\games engine programming\gep_2\gep_1\game-engine-programming\gep_1\release\gameobject.obj
f:\year 3\games engine programming\gep_2\gep_1\game-engine-programming\gep_1\release\cubecollider.obj
f:\year 3\games engine programming\gep_2\gep_1\game-engine-programming\gep_1\release\component.obj
f:\year 3\games engine programming\gep_2\gep_1\game-engine-programming\gep_1\release\collider.obj
f:\year 3\games engine programming\gep_2\gep_1\game-engine-programming\gep_1\release\camera.obj
f:\year 3\games engine programming\gep_2\gep_1\game-engine-programming\gep_1\release\bush.obj
f:\year 3\games engine programming\gep_2\gep_1\game-engine-programming\gep_1\release\application.obj
f:\year 3\games engine programming\gep_2\gep_1\game-engine-programming\gep_1\release\wolf.obj
f:\year 3\games engine programming\gep_2\gep_1\game-engine-programming\gep_1\release\transform.obj
f:\year 3\games engine programming\gep_2\gep_1\game-engine-programming\gep_1\release\spherecollider.obj
f:\year 3\games engine programming\gep_2\gep_1\game-engine-programming\gep_1\release\shader.obj
f:\year 3\games engine programming\gep_2\gep_1\game-engine-programming\gep_1\release\rigidbody.obj
f:\year 3\games engine programming\gep_2\gep_1\game-engine-programming\gep_1\release\ref2.obj
w:\year 3\games engine programming\gep_2\gep_1\release\gep_1.exe
w:\year 3\games engine programming\gep_2\gep_1\release\gep_1.ipdb
w:\year 3\games engine programming\gep_2\gep_1\release\gep_1.iobj
w:\year 3\games engine programming\gep_2\gep_1\release\gep_1.pdb
f:\year 3\games engine programming\gep_2\gep_1\game-engine-programming\release\gep_1.pdb
f:\year 3\games engine programming\gep_2\gep_1\game-engine-programming\release\gep_1.exe
f:\year 3\games engine programming\gep_2\gep_1\game-engine-programming\gep_1\release\gep_1.tlog\cl.command.1.tlog
f:\year 3\games engine programming\gep_2\gep_1\game-engine-programming\gep_1\release\gep_1.tlog\cl.read.1.tlog
f:\year 3\games engine programming\gep_2\gep_1\game-engine-programming\gep_1\release\gep_1.tlog\cl.write.1.tlog
f:\year 3\games engine programming\gep_2\gep_1\game-engine-programming\gep_1\release\gep_1.tlog\link.command.1.tlog
f:\year 3\games engine programming\gep_2\gep_1\game-engine-programming\gep_1\release\gep_1.tlog\link.read.1.tlog
f:\year 3\games engine programming\gep_2\gep_1\game-engine-programming\gep_1\release\gep_1.tlog\link.write.1.tlog
